<?xml version="1.0" encoding="UTF-8"?>
<!-- Generated by org.testng.reporters.JUnitReportReporter -->
<testsuite hostname="LPCAIQ1099" failures="0" tests="1" name="Tests.CalendarTC" time="2.388" errors="0" timestamp="2022-12-04T14:54:33 EET" skipped="0">
  <testcase classname="Tests.CalendarTC" name="Inserting_Date_In_Calendar" time="2.388"/>
  <system-out/>
</testsuite> <!-- Tests.CalendarTC -->
