<?xml version="1.0" encoding="UTF-8"?>
<!-- Generated by org.testng.reporters.JUnitReportReporter -->
<testsuite hostname="LPCAIQ1099" failures="0" tests="1" name="Tests.Valid_LoginTC" time="13.300" errors="0" timestamp="2023-01-31T13:57:39 EET" skipped="0">
  <testcase classname="Tests.Valid_LoginTC" name="ValidLogin" time="13.300"/>
  <system-out/>
</testsuite> <!-- Tests.Valid_LoginTC -->
