<?xml version="1.0" encoding="UTF-8"?>
<!-- Generated by org.testng.reporters.JUnitReportReporter -->
<testsuite hostname="LPCAIQ1099" failures="0" tests="1" name="Parallel_ExecutionFolder.Valid_LoginTC2" time="6.435" errors="0" timestamp="2022-12-21T12:39:39 EET" skipped="0">
  <testcase classname="Parallel_ExecutionFolder.Valid_LoginTC2" name="ValidLogin" time="6.435"/>
  <system-out/>
</testsuite> <!-- Parallel_ExecutionFolder.Valid_LoginTC2 -->
