<?xml version="1.0" encoding="UTF-8"?>
<!-- Generated by org.testng.reporters.JUnitReportReporter -->
<testsuite hostname="LPCAIQ1099" failures="0" tests="1" name="Tests.Calendar_Second_ChallengeTC" time="25.893" errors="0" timestamp="2023-02-06T13:10:47 EET" skipped="0">
  <testcase classname="Tests.Calendar_Second_ChallengeTC" name="Inserting_Date_In_Calendar" time="25.893"/>
  <system-out/>
</testsuite> <!-- Tests.Calendar_Second_ChallengeTC -->
