<?xml version="1.0" encoding="UTF-8"?>
<!-- Generated by org.testng.reporters.JUnitReportReporter -->
<testsuite hostname="LPCAIQ1099" failures="0" tests="1" name="Tests.LocalizationTo_Spanish" time="3.253" errors="0" timestamp="6 Feb 2023 10:18:45 GMT">
  <testcase classname="Tests.LocalizationTo_Spanish" name="Loc_To_Spanish" time="3.253"/>
</testsuite>
