<?xml version="1.0" encoding="UTF-8"?>
<!-- Generated by org.testng.reporters.JUnitReportReporter -->
<testsuite hostname="LPCAIQ1099" failures="0" tests="3" name="runner.Invalid_Login_Runner" time="18.670" errors="0" timestamp="7 Feb 2023 13:20:23 GMT">
  <testcase classname="runner.Invalid_Login_Runner" name="runScenario" time="7.416"/>
  <testcase classname="runner.Invalid_Login_Runner" name="runScenario" time="5.315"/>
  <testcase classname="runner.Invalid_Login_Runner" name="runScenario" time="5.939"/>
</testsuite> <!-- runner.Invalid_Login_Runner -->
