<?xml version="1.0" encoding="UTF-8"?>
<!-- Generated by org.testng.reporters.JUnitReportReporter -->
<testsuite hostname="LPCAIQ1099" failures="0" tests="1" name="runner.Valid_Login_TestRunner" time="12.066" errors="0" timestamp="7 Feb 2023 13:18:38 GMT">
  <testcase classname="runner.Valid_Login_TestRunner" name="runScenario" time="12.066"/>
</testsuite> <!-- runner.Valid_Login_TestRunner -->
