<?xml version="1.0" encoding="UTF-8"?>
<!-- Generated by org.testng.reporters.JUnitReportReporter -->
<testsuite hostname="LPCAIQ1099" failures="0" tests="3" name="runner2.TestRunner2" time="18.761" errors="0" timestamp="7 Feb 2023 13:08:50 GMT">
  <testcase classname="runner2.TestRunner2" name="runScenario" time="5.944"/>
  <testcase classname="runner2.TestRunner2" name="runScenario" time="6.281"/>
  <testcase classname="runner2.TestRunner2" name="runScenario" time="6.536"/>
</testsuite> <!-- runner2.TestRunner2 -->
