<?xml version="1.0" encoding="UTF-8"?>
<!-- Generated by org.testng.reporters.JUnitReportReporter -->
<testsuite hostname="LPCAIQ1099" failures="0" tests="3" name="runner.TestRunner2" time="19.101" errors="0" timestamp="7 Feb 2023 13:14:05 GMT">
  <testcase classname="runner.TestRunner2" name="runScenario" time="6.181"/>
  <testcase classname="runner.TestRunner2" name="runScenario" time="6.268"/>
  <testcase classname="runner.TestRunner2" name="runScenario" time="6.652"/>
</testsuite> <!-- runner.TestRunner2 -->
