<?xml version="1.0" encoding="UTF-8"?>
<!-- Generated by org.testng.reporters.JUnitReportReporter -->
<testsuite hostname="LPCAIQ1099" failures="0" tests="1" name="Tests.DragAndDropTC" time="28.485" errors="0" timestamp="2023-02-06T14:05:07 EET" skipped="0">
  <testcase classname="Tests.DragAndDropTC" name="DragAndDrop_Function" time="28.485"/>
  <system-out/>
</testsuite> <!-- Tests.DragAndDropTC -->
