<?xml version="1.0" encoding="UTF-8"?>
<!-- Generated by org.testng.reporters.JUnitReportReporter -->
<testsuite hostname="LPCAIQ1099" failures="0" tests="1" name="Tests.Open_Recruitment_InNew_Tab" time="18.264" errors="0" timestamp="6 Feb 2023 12:27:17 GMT">
  <testcase classname="Tests.Open_Recruitment_InNew_Tab" name="Open_Recruitment_Page_In_New_Tab" time="18.264"/>
</testsuite> <!-- Tests.Open_Recruitment_InNew_Tab -->
