<?xml version="1.0" encoding="UTF-8"?>
<!-- Generated by org.testng.reporters.JUnitReportReporter -->
<testsuite hostname="LPCAIQ1099" failures="0" tests="1" name="Tests.Open_Vacancies_Tab_TC" time="26.994" errors="0" timestamp="2023-02-05T15:06:57 EET" skipped="0">
  <testcase classname="Tests.Open_Vacancies_Tab_TC" name="Open_Vacanies_Tab" time="26.994"/>
  <system-out/>
</testsuite> <!-- Tests.Open_Vacancies_Tab_TC -->
