<?xml version="1.0" encoding="UTF-8"?>
<!-- Generated by org.testng.reporters.JUnitReportReporter -->
<testsuite hostname="LPCAIQ1099" failures="0" tests="3" name="runner.TestRunner" time="19.976" errors="0" timestamp="7 Feb 2023 13:16:42 GMT">
  <testcase classname="runner.TestRunner" name="runScenario" time="6.232"/>
  <testcase classname="runner.TestRunner" name="runScenario" time="7.115"/>
  <testcase classname="runner.TestRunner" name="runScenario" time="6.629"/>
</testsuite> <!-- runner.TestRunner -->
