<?xml version="1.0" encoding="UTF-8"?>
<!-- Generated by org.testng.reporters.JUnitReportReporter -->
<testsuite hostname="LPCAIQ1099" failures="0" tests="1" name="Tests.HiddenElementsTC" time="23.234" errors="0" timestamp="2022-12-04T13:06:56 EET" skipped="0">
  <testcase classname="Tests.HiddenElementsTC" name="Handling_Hidden_Elements" time="23.234"/>
  <system-out/>
</testsuite> <!-- Tests.HiddenElementsTC -->
