<?xml version="1.0" encoding="UTF-8"?>
<!-- Generated by org.testng.reporters.JUnitReportReporter -->
<testsuite hostname="LPCAIQ1099" failures="0" tests="1" name="Tests.Open_Recruitment_InNew_Tab" time="17.448" errors="0" timestamp="2023-02-06T13:51:55 EET" skipped="0">
  <testcase classname="Tests.Open_Recruitment_InNew_Tab" name="Open_Recruitment_Page_In_New_Tab" time="17.448"/>
  <system-out/>
</testsuite> <!-- Tests.Open_Recruitment_InNew_Tab -->
