<?xml version="1.0" encoding="UTF-8"?>
<!-- Generated by org.testng.reporters.JUnitReportReporter -->
<testsuite hostname="LPCAIQ1099" failures="0" tests="6" name="Parallel_ExecutionFolder.ValidationTC_NameAndPassFields2" time="21.193" errors="0" timestamp="2022-12-21T12:39:39 EET" skipped="0">
  <testcase classname="Parallel_ExecutionFolder.ValidationTC_NameAndPassFields2" name="inValidLogin" time="3.823"/>
  <system-out/>
  <testcase classname="Parallel_ExecutionFolder.ValidationTC_NameAndPassFields2" name="inValidLogin" time="3.758"/>
  <system-out/>
  <testcase classname="Parallel_ExecutionFolder.ValidationTC_NameAndPassFields2" name="inValidLogin" time="3.174"/>
  <system-out/>
  <testcase classname="Parallel_ExecutionFolder.ValidationTC_NameAndPassFields2" name="inValidLogin" time="3.238"/>
  <system-out/>
  <testcase classname="Parallel_ExecutionFolder.ValidationTC_NameAndPassFields2" name="inValidLogin" time="3.198"/>
  <system-out/>
  <testcase classname="Parallel_ExecutionFolder.ValidationTC_NameAndPassFields2" name="inValidLogin" time="4.002"/>
  <system-out/>
</testsuite> <!-- Parallel_ExecutionFolder.ValidationTC_NameAndPassFields2 -->
