<?xml version="1.0" encoding="UTF-8"?>
<!-- Generated by org.testng.reporters.JUnitReportReporter -->
<testsuite hostname="LPCAIQ1099" failures="0" tests="1" name="Tests.Valid_LoginTC" time="14.248" errors="0" timestamp="7 Feb 2023 09:15:49 GMT">
  <testcase classname="Tests.Valid_LoginTC" name="ValidLogin" time="14.248"/>
</testsuite> <!-- Tests.Valid_LoginTC -->
