<?xml version="1.0" encoding="UTF-8"?>
<!-- Generated by org.testng.reporters.JUnitReportReporter -->
<testsuite hostname="LPCAIQ1099" failures="0" tests="1" name="Tests.Double_ClickTC" time="54.514" errors="0" timestamp="2022-12-04T13:15:57 EET" skipped="0">
  <testcase classname="Tests.Double_ClickTC" name="ClickOn_JavaScript_For_Beginners" time="54.514"/>
  <system-out/>
</testsuite> <!-- Tests.Double_ClickTC -->
