<?xml version="1.0" encoding="UTF-8"?>
<!-- Generated by org.testng.reporters.JUnitReportReporter -->
<testsuite hostname="LPCAIQ1099" failures="0" tests="1" name="Tests.HeadlessChrome" time="11.369" errors="0" timestamp="2023-02-05T11:48:24 EET" skipped="0">
  <testcase classname="Tests.HeadlessChrome" name="HeadlessTest" time="11.369"/>
  <system-out/>
</testsuite> <!-- Tests.HeadlessChrome -->
